2026-04-28 13:50:40.270 [Information] FCT.G6T.Infrastructure.Serial.G6TAdapter - G6T connected on COM11 @ 9600
2026-04-28 13:50:40.494 [Information] FCT.G6T.Application.Services.TestOrchestrator - Send PowerOff command to G6T.
2026-04-28 13:50:40.503 [Information] FCT.G6T.Infrastructure.Serial.G6TAdapter - G6T TX [COM11] attempt 1: 1F 2F 3F FF 00 01 00 EE
2026-04-28 13:50:40.835 [Information] FCT.G6T.Infrastructure.Serial.G6TAdapter - G6T disconnected.
2026-04-28 13:50:42.798 [Information] FCT.G6T.Infrastructure.Serial.G6TAdapter - G6T connected on COM11 @ 9600
2026-04-28 13:50:42.807 [Information] FCT.G6T.Application.Services.TestOrchestrator - Send PowerOff command to G6T.
2026-04-28 13:50:42.807 [Information] FCT.G6T.Infrastructure.Serial.G6TAdapter - G6T TX [COM11] attempt 1: 1F 2F 3F FF 00 01 00 EE
2026-04-28 13:50:43.530 [Information] FCT.G6T.Infrastructure.Serial.G6TAdapter - G6T TX [COM11] attempt 2: 1F 2F 3F FF 00 01 00 EE
2026-04-28 13:50:45.882 [Information] FCT.G6T.Infrastructure.Serial.G6TAdapter - G6T TX [COM11] attempt 2: 1F 2F 3F FF 00 01 00 EE
2026-04-28 13:50:46.660 [Warning] FCT.G6T.Application.Services.SmokeDeviceTestService - [TX][COM11] 1F 2F 3F FF 00 01 00 EE
[PORT][COM11] IsOpen=True
[RX][COM11] <empty>
[ACK][FAIL] Reset PowerOff - Response quá ngắn: 0 bytes
2026-04-28 13:50:46.661 [Information] FCT.G6T.Infrastructure.Serial.G6TAdapter - G6T TX [COM11] attempt 1: 1F 2F 3F FF 00 03 00 EC
2026-04-28 13:50:48.943 [Warning] FCT.G6T.Application.Services.SmokeDeviceTestService - [TX][COM11] 1F 2F 3F FF 00 01 00 EE
[PORT][COM11] IsOpen=True
[RX][COM11] <empty>
[ACK][FAIL] Reset PowerOff - Response quá ngắn: 0 bytes
2026-04-28 13:50:48.944 [Information] FCT.G6T.Infrastructure.Serial.G6TAdapter - G6T TX [COM11] attempt 1: 1F 2F 3F FF 00 03 00 EC
2026-04-28 13:50:49.677 [Information] FCT.G6T.Infrastructure.Serial.G6TAdapter - G6T TX [COM11] attempt 2: 1F 2F 3F FF 00 03 00 EC
2026-04-28 13:50:52.002 [Information] FCT.G6T.Infrastructure.Serial.G6TAdapter - G6T TX [COM11] attempt 2: 1F 2F 3F FF 00 03 00 EC
2026-04-28 13:50:52.843 [Warning] FCT.G6T.Application.Services.SmokeDeviceTestService - [TX][COM11] 1F 2F 3F FF 00 03 00 EC
[PORT][COM11] IsOpen=True
[RX][COM11] FE F8 D1 03 00 00 B0 E0
[ACK][FAIL] Reset SetCalibPinOff - Header response không hợp lệ
2026-04-28 13:50:53.021 [Information] FCT.G6T.Infrastructure.Serial.G6TAdapter - G6T disconnected.
2026-04-28 13:53:11.242 [Information] FCT.G6T.Infrastructure.Serial.G6TAdapter - G6T connected on COM11 @ 9600
2026-04-28 13:53:11.471 [Information] FCT.G6T.Application.Services.TestOrchestrator - Send PowerOff command to G6T.
2026-04-28 13:53:11.479 [Information] FCT.G6T.Infrastructure.Serial.G6TAdapter - G6T TX [COM11] attempt 1: 1F 2F 3F FF 00 01 00 EE
2026-04-28 13:53:12.030 [Information] FCT.G6T.Infrastructure.Serial.G6TAdapter - G6T disconnected.
2026-04-28 13:53:15.168 [Information] FCT.G6T.Infrastructure.Serial.G6TAdapter - G6T connected on COM36 @ 9600
2026-04-28 13:53:15.176 [Information] FCT.G6T.Infrastructure.Serial.G6TAdapter - G6T TX [COM11] attempt 2: 1F 2F 3F FF 00 01 00 EE
2026-04-28 13:53:15.177 [Information] FCT.G6T.Application.Services.TestOrchestrator - Send PowerOff command to G6T.
2026-04-28 13:53:15.178 [Information] FCT.G6T.Infrastructure.Serial.G6TAdapter - G6T TX [COM36] attempt 1: 1F 2F 3F FF 00 01 00 EE
2026-04-28 13:53:15.706 [Information] FCT.G6T.Infrastructure.Serial.G6TAdapter - G6T disconnected.
2026-04-28 13:53:41.350 [Information] FCT.G6T.Infrastructure.Serial.G6TAdapter - G6T connected on COM23 @ 9600
2026-04-28 13:53:41.531 [Information] FCT.G6T.Application.Services.TestOrchestrator - Send PowerOff command to G6T.
2026-04-28 13:53:41.536 [Information] FCT.G6T.Infrastructure.Serial.G6TAdapter - G6T TX [COM23] attempt 1: 1F 2F 3F FF 00 01 00 EE
2026-04-28 13:53:41.629 [Information] FCT.G6T.Application.Services.SmokeDeviceTestService - [PORT][COM23] IsOpen=True
[TX][COM23] 1F 2F 3F FF 00 01 00 EE
[RX][COM23] 1F 2F 3F FF 01 01 06 E9
[ACK][PASS] Reset PowerOff - Command=PowerControl, Status=Success
2026-04-28 13:53:41.631 [Information] FCT.G6T.Infrastructure.Serial.G6TAdapter - G6T TX [COM23] attempt 1: 1F 2F 3F FF 00 03 00 EC
2026-04-28 13:53:41.703 [Information] FCT.G6T.Application.Services.SmokeDeviceTestService - [PORT][COM23] IsOpen=True
[TX][COM23] 1F 2F 3F FF 00 03 00 EC
[RX][COM23] 1F 2F 3F FF 01 03 06 EB
[ACK][PASS] Reset SetCalibPinOff - Command=SetCalibPin, Status=Success
2026-04-28 13:53:53.629 [Information] FCT.G6T.Infrastructure.Serial.G6TAdapter - G6T disconnected.
2026-04-28 13:59:35.499 [Information] FCT.G6T.Infrastructure.Serial.G6TAdapter - G6T connected on COM11 @ 9600
2026-04-28 13:59:35.621 [Information] FCT.G6T.Application.Services.TestOrchestrator - Send PowerOff command to G6T.
2026-04-28 13:59:35.625 [Information] FCT.G6T.Infrastructure.Serial.G6TAdapter - G6T TX [COM11] attempt 1: 1F 2F 3F FF 00 01 00 EE
2026-04-28 13:59:38.656 [Information] FCT.G6T.Infrastructure.Serial.G6TAdapter - G6T TX [COM11] attempt 2: 1F 2F 3F FF 00 01 00 EE
2026-04-28 13:59:38.706 [Information] FCT.G6T.Infrastructure.Serial.G6TAdapter - G6T disconnected.
2026-04-28 13:59:39.148 [Information] FCT.G6T.Infrastructure.Serial.G6TAdapter - G6T connected on COM23 @ 9600
2026-04-28 13:59:39.157 [Information] FCT.G6T.Application.Services.TestOrchestrator - Send PowerOff command to G6T.
2026-04-28 13:59:39.157 [Information] FCT.G6T.Infrastructure.Serial.G6TAdapter - G6T TX [COM23] attempt 1: 1F 2F 3F FF 00 01 00 EE
2026-04-28 14:00:13.011 [Information] FCT.G6T.Infrastructure.Serial.G6TAdapter - G6T connected on COM23 @ 9600
2026-04-28 14:00:13.187 [Information] FCT.G6T.Application.Services.TestOrchestrator - Send PowerOff command to G6T.
2026-04-28 14:00:13.194 [Information] FCT.G6T.Infrastructure.Serial.G6TAdapter - G6T TX [COM23] attempt 1: 1F 2F 3F FF 00 01 00 EE
2026-04-28 14:00:13.286 [Information] FCT.G6T.Application.Services.SmokeDeviceTestService - [PORT][COM23] IsOpen=True
[TX][COM23] 1F 2F 3F FF 00 01 00 EE
[RX][COM23] 1F 2F 3F FF 01 01 06 E9
[ACK][PASS] Reset PowerOff - Command=PowerControl, Status=Success
2026-04-28 14:00:13.288 [Information] FCT.G6T.Infrastructure.Serial.G6TAdapter - G6T TX [COM23] attempt 1: 1F 2F 3F FF 00 03 00 EC
2026-04-28 14:00:13.359 [Information] FCT.G6T.Application.Services.SmokeDeviceTestService - [PORT][COM23] IsOpen=True
[TX][COM23] 1F 2F 3F FF 00 03 00 EC
[RX][COM23] 1F 2F 3F FF 01 03 06 EB
[ACK][PASS] Reset SetCalibPinOff - Command=SetCalibPin, Status=Success
2026-04-28 14:00:15.992 [Information] FCT.G6T.Infrastructure.Serial.G6TAdapter - G6T disconnected.
2026-04-28 14:00:16.627 [Information] FCT.G6T.Infrastructure.Serial.G6TAdapter - G6T connected on COM23 @ 9600
2026-04-28 14:00:16.643 [Information] FCT.G6T.Application.Services.TestOrchestrator - Send PowerOff command to G6T.
2026-04-28 14:00:16.643 [Information] FCT.G6T.Infrastructure.Serial.G6TAdapter - G6T TX [COM23] attempt 1: 1F 2F 3F FF 00 01 00 EE
2026-04-28 14:00:16.709 [Information] FCT.G6T.Application.Services.SmokeDeviceTestService - [PORT][COM23] IsOpen=True
[TX][COM23] 1F 2F 3F FF 00 01 00 EE
[RX][COM23] 1F 2F 3F FF 01 01 06 E9
[ACK][PASS] Reset PowerOff - Command=PowerControl, Status=Success
2026-04-28 14:00:16.710 [Information] FCT.G6T.Infrastructure.Serial.G6TAdapter - G6T TX [COM23] attempt 1: 1F 2F 3F FF 00 03 00 EC
2026-04-28 14:00:18.166 [Information] FCT.G6T.Infrastructure.Serial.G6TAdapter - G6T disconnected.
2026-04-28 14:00:18.718 [Information] FCT.G6T.Infrastructure.Serial.G6TAdapter - G6T connected on COM23 @ 9600
2026-04-28 14:00:18.734 [Information] FCT.G6T.Application.Services.TestOrchestrator - Send PowerOff command to G6T.
2026-04-28 14:00:18.734 [Information] FCT.G6T.Infrastructure.Serial.G6TAdapter - G6T TX [COM23] attempt 1: 1F 2F 3F FF 00 01 00 EE
2026-04-28 14:12:10.412 [Information] FCT.G6T.Infrastructure.Serial.G6TAdapter - G6T connected on COM11 @ 9600
2026-04-28 14:12:10.585 [Information] FCT.G6T.Application.Services.TestOrchestrator - Send PowerOff command to G6T.
2026-04-28 14:12:10.590 [Information] FCT.G6T.Infrastructure.Serial.G6TAdapter - G6T TX [COM11] attempt 1: 1F 2F 3F FF 00 01 00 EE
2026-04-28 14:12:12.214 [Information] FCT.G6T.Infrastructure.Serial.G6TAdapter - G6T disconnected.
2026-04-28 14:12:12.723 [Information] FCT.G6T.Infrastructure.Serial.G6TAdapter - G6T connected on COM11 @ 9600
2026-04-28 14:12:12.731 [Information] FCT.G6T.Application.Services.TestOrchestrator - Send PowerOff command to G6T.
2026-04-28 14:12:12.731 [Information] FCT.G6T.Infrastructure.Serial.G6TAdapter - G6T TX [COM11] attempt 1: 1F 2F 3F FF 00 01 00 EE
2026-04-28 14:12:13.611 [Information] FCT.G6T.Infrastructure.Serial.G6TAdapter - G6T TX [COM11] attempt 2: 1F 2F 3F FF 00 01 00 EE
2026-04-28 14:12:15.511 [Information] FCT.G6T.Infrastructure.Serial.G6TAdapter - G6T disconnected.
2026-04-28 14:12:16.106 [Warning] FCT.G6T.Application.Services.SmokeDeviceTestService - [ACK][FAIL] Reset PowerOff - canceled
2026-04-28 14:12:16.114 [Information] FCT.G6T.Infrastructure.Serial.G6TAdapter - G6T TX [UNKNOWN] attempt 1: 1F 2F 3F FF 00 03 00 EC
2026-04-28 14:12:16.992 [Warning] FCT.G6T.Application.Services.SmokeDeviceTestService - [TX][COM11] 1F 2F 3F FF 00 01 00 EE
[PORT][COM11] IsOpen=False
[RX][COM11] <empty>
[ACK][FAIL] Reset PowerOff - Response quá ngắn: 0 bytes
2026-04-28 14:12:16.993 [Information] FCT.G6T.Infrastructure.Serial.G6TAdapter - G6T TX [UNKNOWN] attempt 1: 1F 2F 3F FF 00 03 00 EC
2026-04-28 14:12:22.320 [Information] FCT.G6T.Infrastructure.Serial.G6TAdapter - G6T connected on COM23 @ 9600
2026-04-28 14:12:22.322 [Information] FCT.G6T.Application.Services.TestOrchestrator - Send PowerOff command to G6T.
2026-04-28 14:12:22.323 [Information] FCT.G6T.Infrastructure.Serial.G6TAdapter - G6T TX [COM23] attempt 1: 1F 2F 3F FF 00 01 00 EE
2026-04-28 14:12:23.249 [Information] FCT.G6T.Infrastructure.Serial.G6TAdapter - G6T disconnected.
2026-04-28 14:12:23.785 [Information] FCT.G6T.Infrastructure.Serial.G6TAdapter - G6T connected on COM23 @ 9600
2026-04-28 14:12:23.796 [Information] FCT.G6T.Application.Services.TestOrchestrator - Send PowerOff command to G6T.
2026-04-28 14:12:23.796 [Information] FCT.G6T.Infrastructure.Serial.G6TAdapter - G6T TX [COM23] attempt 1: 1F 2F 3F FF 00 01 00 EE
2026-04-28 14:12:57.762 [Information] FCT.G6T.Infrastructure.Serial.G6TAdapter - G6T connected on COM23 @ 9600
2026-04-28 14:12:57.891 [Information] FCT.G6T.Application.Services.TestOrchestrator - Send PowerOff command to G6T.
2026-04-28 14:12:57.896 [Information] FCT.G6T.Infrastructure.Serial.G6TAdapter - G6T TX [COM23] attempt 1: 1F 2F 3F FF 00 01 00 EE
2026-04-28 14:12:57.977 [Information] FCT.G6T.Application.Services.SmokeDeviceTestService - [PORT][COM23] IsOpen=True
[TX][COM23] 1F 2F 3F FF 00 01 00 EE
[RX][COM23] 1F 2F 3F FF 01 01 06 E9
[ACK][PASS] Reset PowerOff - Command=PowerControl, Status=Success
2026-04-28 14:12:57.979 [Information] FCT.G6T.Infrastructure.Serial.G6TAdapter - G6T TX [COM23] attempt 1: 1F 2F 3F FF 00 03 00 EC
2026-04-28 14:12:58.056 [Information] FCT.G6T.Application.Services.SmokeDeviceTestService - [PORT][COM23] IsOpen=True
[TX][COM23] 1F 2F 3F FF 00 03 00 EC
[RX][COM23] 1F 2F 3F FF 01 03 06 EB
[ACK][PASS] Reset SetCalibPinOff - Command=SetCalibPin, Status=Success
2026-04-28 14:13:00.747 [Information] FCT.G6T.Infrastructure.Serial.G6TAdapter - G6T disconnected.
2026-04-28 14:13:01.911 [Information] FCT.G6T.Infrastructure.Serial.G6TAdapter - G6T connected on COM23 @ 9600
2026-04-28 14:13:01.915 [Information] FCT.G6T.Application.Services.TestOrchestrator - Send PowerOff command to G6T.
2026-04-28 14:13:01.916 [Information] FCT.G6T.Infrastructure.Serial.G6TAdapter - G6T TX [COM23] attempt 1: 1F 2F 3F FF 00 01 00 EE
2026-04-28 14:13:04.947 [Information] FCT.G6T.Infrastructure.Serial.G6TAdapter - G6T TX [COM23] attempt 2: 1F 2F 3F FF 00 01 00 EE
2026-04-28 14:13:05.009 [Information] FCT.G6T.Application.Services.SmokeDeviceTestService - [PORT][COM23] IsOpen=True
[TX][COM23] 1F 2F 3F FF 00 01 00 EE
[RX][COM23] 1F 2F 3F FF 01 01 06 E9
[ACK][PASS] Reset PowerOff - Command=PowerControl, Status=Success
2026-04-28 14:13:05.010 [Information] FCT.G6T.Infrastructure.Serial.G6TAdapter - G6T TX [COM23] attempt 1: 1F 2F 3F FF 00 03 00 EC
2026-04-28 14:13:08.028 [Information] FCT.G6T.Infrastructure.Serial.G6TAdapter - G6T TX [COM23] attempt 2: 1F 2F 3F FF 00 03 00 EC
2026-04-28 14:13:08.106 [Information] FCT.G6T.Application.Services.SmokeDeviceTestService - [PORT][COM23] IsOpen=True
[TX][COM23] 1F 2F 3F FF 00 03 00 EC
[RX][COM23] 1F 2F 3F FF 01 03 06 EB
[ACK][PASS] Reset SetCalibPinOff - Command=SetCalibPin, Status=Success
2026-04-28 14:13:46.245 [Information] FCT.G6T.Application.Services.TestOrchestrator - Send PowerOn command to G6T.
2026-04-28 14:13:46.245 [Information] FCT.G6T.Infrastructure.Serial.G6TAdapter - G6T TX [COM23] attempt 1: 1F 2F 3F FF 00 01 01 EF
2026-04-28 14:13:49.296 [Information] FCT.G6T.Infrastructure.Serial.G6TAdapter - G6T TX [COM23] attempt 2: 1F 2F 3F FF 00 01 01 EF
2026-04-28 14:13:49.380 [Information] FCT.G6T.Application.Services.SmokeDeviceTestService - [PORT][COM23] IsOpen=True
[TX][COM23] 1F 2F 3F FF 00 01 01 EF
[RX][COM23] 1F 2F 3F FF 01 01 06 E9
[ACK][PASS] Cấp nguồn - Command=PowerControl, Status=Success
2026-04-28 14:13:54.640 [Information] FCT.G6T.Application.Services.TestOrchestrator - Send PowerOff command to G6T.
2026-04-28 14:13:54.641 [Information] FCT.G6T.Infrastructure.Serial.G6TAdapter - G6T TX [COM23] attempt 1: 1F 2F 3F FF 00 01 00 EE
2026-04-28 14:13:54.718 [Information] FCT.G6T.Application.Services.SmokeDeviceTestService - [PORT][COM23] IsOpen=True
[TX][COM23] 1F 2F 3F FF 00 01 00 EE
[RX][COM23] 1F 2F 3F FF 01 01 06 E9
[ACK][PASS] Reset PowerOff - Command=PowerControl, Status=Success
2026-04-28 14:13:54.718 [Information] FCT.G6T.Infrastructure.Serial.G6TAdapter - G6T TX [COM23] attempt 1: 1F 2F 3F FF 00 03 00 EC
2026-04-28 14:13:54.781 [Information] FCT.G6T.Application.Services.SmokeDeviceTestService - [PORT][COM23] IsOpen=True
[TX][COM23] 1F 2F 3F FF 00 03 00 EC
[RX][COM23] 1F 2F 3F FF 01 03 06 EB
[ACK][PASS] Reset SetCalibPinOff - Command=SetCalibPin, Status=Success
2026-04-28 14:14:02.637 [Information] FCT.G6T.Application.Services.TestOrchestrator - Send PowerOn command to G6T.
2026-04-28 14:14:02.637 [Information] FCT.G6T.Infrastructure.Serial.G6TAdapter - G6T TX [COM23] attempt 1: 1F 2F 3F FF 00 01 01 EF
2026-04-28 14:14:02.715 [Information] FCT.G6T.Application.Services.SmokeDeviceTestService - [PORT][COM23] IsOpen=True
[TX][COM23] 1F 2F 3F FF 00 01 01 EF
[RX][COM23] 1F 2F 3F FF 01 01 06 E9
[ACK][PASS] Cấp nguồn - Command=PowerControl, Status=Success
2026-04-28 14:14:03.983 [Information] FCT.G6T.Application.Services.SmokeDeviceTestService - LED ROI Detect: phát hiện đủ màu đỏ và xanh.
2026-04-28 14:14:03.987 [Information] FCT.G6T.Infrastructure.Serial.G6TAdapter - G6T TX [COM23] attempt 1: 1F 2F 3F FF 00 02 00 ED
2026-04-28 14:14:07.005 [Information] FCT.G6T.Infrastructure.Serial.G6TAdapter - G6T TX [COM23] attempt 2: 1F 2F 3F FF 00 02 00 ED
2026-04-28 14:14:09.083 [Information] FCT.G6T.Application.Services.SmokeDeviceTestService - [PORT][COM23] IsOpen=True
[TX][COM23] 1F 2F 3F FF 00 02 00 ED
[RX][COM23] 1F 2F 3F FF 01 02 15 F9
[ACK][FAIL] Button Test - Command=TestButton, Status=Failed
2026-04-28 14:14:09.239 [Information] FCT.G6T.Infrastructure.Serial.G6TAdapter - G6T TX [COM23] attempt 1: 1F 2F 3F FF 00 02 00 ED
2026-04-28 14:14:12.269 [Information] FCT.G6T.Infrastructure.Serial.G6TAdapter - G6T TX [COM23] attempt 2: 1F 2F 3F FF 00 02 00 ED
2026-04-28 14:14:14.151 [Information] FCT.G6T.Application.Services.SmokeDeviceTestService - [PORT][COM23] IsOpen=True
[TX][COM23] 1F 2F 3F FF 00 02 00 ED
[RX][COM23] 1F 2F 3F FF 01 02 15 F9
[ACK][FAIL] Button Test - Command=TestButton, Status=Failed
2026-04-28 14:14:14.368 [Information] FCT.G6T.Application.Services.TestOrchestrator - Send PowerOff command to G6T.
2026-04-28 14:14:14.369 [Information] FCT.G6T.Infrastructure.Serial.G6TAdapter - G6T TX [COM23] attempt 1: 1F 2F 3F FF 00 01 00 EE
2026-04-28 14:14:14.446 [Information] FCT.G6T.Application.Services.SmokeDeviceTestService - [PORT][COM23] IsOpen=True
[TX][COM23] 1F 2F 3F FF 00 01 00 EE
[RX][COM23] 1F 2F 3F FF 01 01 06 E9
[ACK][PASS] Reset PowerOff - Command=PowerControl, Status=Success
2026-04-28 14:14:14.446 [Information] FCT.G6T.Infrastructure.Serial.G6TAdapter - G6T TX [COM23] attempt 1: 1F 2F 3F FF 00 03 00 EC
2026-04-28 14:14:17.469 [Information] FCT.G6T.Infrastructure.Serial.G6TAdapter - G6T TX [COM23] attempt 2: 1F 2F 3F FF 00 03 00 EC
2026-04-28 14:14:17.532 [Information] FCT.G6T.Application.Services.SmokeDeviceTestService - [PORT][COM23] IsOpen=True
[TX][COM23] 1F 2F 3F FF 00 03 00 EC
[RX][COM23] 1F 2F 3F FF 01 03 06 EB
[ACK][PASS] Reset SetCalibPinOff - Command=SetCalibPin, Status=Success
2026-04-28 14:14:34.615 [Information] FCT.G6T.Infrastructure.Serial.DetectorAdapter - Detector connected on COM11 @ 9600
2026-04-28 14:14:38.675 [Information] FCT.G6T.Infrastructure.Serial.DetectorAdapter - Detector connected on COM11 @ 9600
2026-04-28 14:14:42.001 [Information] FCT.G6T.Infrastructure.Serial.G6TAdapter - G6T disconnected.
2026-04-28 14:14:42.702 [Information] FCT.G6T.Infrastructure.Serial.G6TAdapter - G6T connected on COM23 @ 9600
2026-04-28 14:14:42.704 [Information] FCT.G6T.Application.Services.TestOrchestrator - Send PowerOff command to G6T.
2026-04-28 14:14:42.705 [Information] FCT.G6T.Infrastructure.Serial.G6TAdapter - G6T TX [COM23] attempt 1: 1F 2F 3F FF 00 01 00 EE
2026-04-28 14:14:43.454 [Information] FCT.G6T.Infrastructure.Serial.G6TAdapter - G6T disconnected.
2026-04-28 14:14:43.786 [Information] FCT.G6T.Infrastructure.Serial.G6TAdapter - G6T connected on COM23 @ 9600
2026-04-28 14:14:43.796 [Information] FCT.G6T.Application.Services.TestOrchestrator - Send PowerOff command to G6T.
2026-04-28 14:14:43.796 [Information] FCT.G6T.Infrastructure.Serial.G6TAdapter - G6T TX [COM23] attempt 1: 1F 2F 3F FF 00 01 00 EE
2026-04-28 14:19:12.546 [Information] FCT.G6T.Infrastructure.Serial.G6TAdapter - G6T connected on COM11 @ 9600
2026-04-28 14:19:12.662 [Information] FCT.G6T.Application.Services.TestOrchestrator - Send PowerOff command to G6T.
2026-04-28 14:19:12.666 [Information] FCT.G6T.Infrastructure.Serial.G6TAdapter - G6T TX [COM11] attempt 1: 1F 2F 3F FF 00 01 00 EE
2026-04-28 14:19:13.232 [Information] FCT.G6T.Infrastructure.Serial.G6TAdapter - G6T disconnected.
2026-04-28 14:19:13.490 [Information] FCT.G6T.Infrastructure.Serial.G6TAdapter - G6T connected on COM11 @ 9600
2026-04-28 14:19:13.493 [Information] FCT.G6T.Application.Services.TestOrchestrator - Send PowerOff command to G6T.
2026-04-28 14:19:13.493 [Information] FCT.G6T.Infrastructure.Serial.G6TAdapter - G6T TX [COM11] attempt 1: 1F 2F 3F FF 00 01 00 EE
2026-04-28 14:19:13.655 [Information] FCT.G6T.Infrastructure.Serial.G6TAdapter - G6T disconnected.
2026-04-28 14:19:56.146 [Information] FCT.G6T.Infrastructure.Serial.G6TAdapter - G6T connected on COM11 @ 9600
2026-04-28 14:19:56.261 [Information] FCT.G6T.Application.Services.TestOrchestrator - Send PowerOff command to G6T.
2026-04-28 14:19:56.266 [Information] FCT.G6T.Infrastructure.Serial.G6TAdapter - G6T TX [COM11] attempt 1: 1F 2F 3F FF 00 01 00 EE
2026-04-28 14:19:56.968 [Information] FCT.G6T.Infrastructure.Serial.G6TAdapter - G6T disconnected.
2026-04-28 14:19:58.516 [Information] FCT.G6T.Infrastructure.Serial.G6TAdapter - G6T connected on COM11 @ 9600
2026-04-28 14:19:58.521 [Information] FCT.G6T.Application.Services.TestOrchestrator - Send PowerOff command to G6T.
2026-04-28 14:19:58.521 [Information] FCT.G6T.Infrastructure.Serial.G6TAdapter - G6T TX [COM11] attempt 1: 1F 2F 3F FF 00 01 00 EE
2026-04-28 14:19:59.298 [Information] FCT.G6T.Infrastructure.Serial.G6TAdapter - G6T TX [COM11] attempt 2: 1F 2F 3F FF 00 01 00 EE
2026-04-28 14:19:59.316 [Information] FCT.G6T.Infrastructure.Serial.G6TAdapter - G6T disconnected.
2026-04-28 14:19:59.804 [Information] FCT.G6T.Infrastructure.Serial.G6TAdapter - G6T connected on COM11 @ 9600
2026-04-28 14:19:59.807 [Information] FCT.G6T.Application.Services.TestOrchestrator - Send PowerOff command to G6T.
2026-04-28 14:19:59.807 [Information] FCT.G6T.Infrastructure.Serial.G6TAdapter - G6T TX [COM11] attempt 1: 1F 2F 3F FF 00 01 00 EE
2026-04-28 14:20:02.340 [Information] FCT.G6T.Infrastructure.Serial.G6TAdapter - G6T TX [COM11] attempt 2: 1F 2F 3F FF 00 01 00 EE
2026-04-28 14:20:02.413 [Warning] FCT.G6T.Application.Services.SmokeDeviceTestService - [TX][COM11] 1F 2F 3F FF 00 01 00 EE
[PORT][COM11] IsOpen=True
[RX][COM11] <empty>
[ACK][FAIL] Reset PowerOff - Response quá ngắn: 0 bytes
2026-04-28 14:20:02.416 [Information] FCT.G6T.Infrastructure.Serial.G6TAdapter - G6T TX [COM11] attempt 1: 1F 2F 3F FF 00 03 00 EC
2026-04-28 14:20:02.572 [Information] FCT.G6T.Infrastructure.Serial.G6TAdapter - G6T disconnected.
2026-04-28 14:20:02.877 [Information] FCT.G6T.Infrastructure.Serial.G6TAdapter - G6T connected on COM11 @ 9600
2026-04-28 14:20:02.890 [Information] FCT.G6T.Application.Services.TestOrchestrator - Send PowerOff command to G6T.
2026-04-28 14:20:02.890 [Information] FCT.G6T.Infrastructure.Serial.G6TAdapter - G6T TX [COM11] attempt 1: 1F 2F 3F FF 00 01 00 EE
2026-04-28 14:20:05.362 [Information] FCT.G6T.Infrastructure.Serial.G6TAdapter - G6T TX [COM11] attempt 2: 1F 2F 3F FF 00 01 00 EE
2026-04-28 14:20:05.393 [Warning] FCT.G6T.Application.Services.SmokeDeviceTestService - [TX][COM11] 1F 2F 3F FF 00 01 00 EE
[PORT][COM11] IsOpen=True
[RX][COM11] <empty>
[ACK][FAIL] Reset PowerOff - Response quá ngắn: 0 bytes
2026-04-28 14:20:05.393 [Information] FCT.G6T.Infrastructure.Serial.G6TAdapter - G6T TX [COM11] attempt 1: 1F 2F 3F FF 00 03 00 EC
2026-04-28 14:20:05.451 [Information] FCT.G6T.Infrastructure.Serial.G6TAdapter - G6T disconnected.
2026-04-28 14:20:05.581 [Information] FCT.G6T.Infrastructure.Serial.G6TAdapter - G6T connected on COM11 @ 9600
2026-04-28 14:20:05.583 [Information] FCT.G6T.Application.Services.TestOrchestrator - Send PowerOff command to G6T.
2026-04-28 14:20:05.583 [Information] FCT.G6T.Infrastructure.Serial.G6TAdapter - G6T TX [COM11] attempt 1: 1F 2F 3F FF 00 01 00 EE
2026-04-28 14:20:08.399 [Information] FCT.G6T.Infrastructure.Serial.G6TAdapter - G6T TX [COM11] attempt 2: 1F 2F 3F FF 00 01 00 EE
2026-04-28 14:20:08.427 [Warning] FCT.G6T.Application.Services.SmokeDeviceTestService - [TX][COM11] 1F 2F 3F FF 00 01 00 EE
[PORT][COM11] IsOpen=True
[RX][COM11] <empty>
[ACK][FAIL] Reset PowerOff - Response quá ngắn: 0 bytes
2026-04-28 14:20:08.428 [Information] FCT.G6T.Infrastructure.Serial.G6TAdapter - G6T TX [COM11] attempt 1: 1F 2F 3F FF 00 03 00 EC
2026-04-28 14:20:11.324 [Information] FCT.G6T.Infrastructure.Serial.G6TAdapter - G6T disconnected.
2026-04-28 14:20:11.419 [Information] FCT.G6T.Infrastructure.Serial.G6TAdapter - G6T TX [COM11] attempt 2: 1F 2F 3F FF 00 01 00 EE
2026-04-28 14:20:11.510 [Warning] FCT.G6T.Application.Services.SmokeDeviceTestService - [TX][COM11] 1F 2F 3F FF 00 01 00 EE
[PORT][COM11] IsOpen=False
[RX][COM11] <empty>
[ACK][FAIL] Reset PowerOff - Response quá ngắn: 0 bytes
2026-04-28 14:20:11.521 [Information] FCT.G6T.Infrastructure.Serial.G6TAdapter - G6T TX [UNKNOWN] attempt 1: 1F 2F 3F FF 00 03 00 EC
2026-04-28 14:20:13.408 [Information] FCT.G6T.Infrastructure.Serial.G6TAdapter - G6T connected on COM23 @ 9600
2026-04-28 14:20:13.410 [Information] FCT.G6T.Application.Services.TestOrchestrator - Send PowerOff command to G6T.
2026-04-28 14:20:13.410 [Information] FCT.G6T.Infrastructure.Serial.G6TAdapter - G6T TX [COM23] attempt 1: 1F 2F 3F FF 00 01 00 EE
2026-04-28 14:20:16.212 [Information] FCT.G6T.Infrastructure.Serial.G6TAdapter - G6T disconnected.
2026-04-28 14:20:16.640 [Warning] FCT.G6T.Application.Services.SmokeDeviceTestService - [ACK][FAIL] Reset PowerOff - canceled
2026-04-28 14:20:16.641 [Information] FCT.G6T.Infrastructure.Serial.G6TAdapter - G6T TX [UNKNOWN] attempt 1: 1F 2F 3F FF 00 03 00 EC
2026-04-28 14:20:16.992 [Information] FCT.G6T.Infrastructure.Serial.G6TAdapter - G6T connected on COM23 @ 9600
2026-04-28 14:20:16.997 [Information] FCT.G6T.Application.Services.TestOrchestrator - Send PowerOff command to G6T.
2026-04-28 14:20:16.997 [Information] FCT.G6T.Infrastructure.Serial.G6TAdapter - G6T TX [COM23] attempt 1: 1F 2F 3F FF 00 01 00 EE
2026-04-28 14:20:17.449 [Information] FCT.G6T.Infrastructure.Serial.G6TAdapter - G6T disconnected.
2026-04-28 14:20:17.768 [Information] FCT.G6T.Infrastructure.Serial.G6TAdapter - G6T connected on COM23 @ 9600
2026-04-28 14:20:17.783 [Information] FCT.G6T.Application.Services.TestOrchestrator - Send PowerOff command to G6T.
2026-04-28 14:20:17.783 [Information] FCT.G6T.Infrastructure.Serial.G6TAdapter - G6T TX [COM23] attempt 1: 1F 2F 3F FF 00 01 00 EE
2026-04-28 14:20:20.029 [Information] FCT.G6T.Infrastructure.Serial.G6TAdapter - G6T TX [COM23] attempt 2: 1F 2F 3F FF 00 01 00 EE
2026-04-28 14:20:20.082 [Information] FCT.G6T.Infrastructure.Serial.G6TAdapter - G6T disconnected.
2026-04-28 14:20:23.046 [Information] FCT.G6T.Infrastructure.Serial.G6TAdapter - G6T TX [COM23] attempt 2: 1F 2F 3F FF 00 01 00 EE
2026-04-28 14:20:23.090 [Warning] FCT.G6T.Application.Services.SmokeDeviceTestService - [TX][COM23] 1F 2F 3F FF 00 01 00 EE
[PORT][COM23] IsOpen=False
[RX][COM23] <empty>
[ACK][FAIL] Reset PowerOff - Response quá ngắn: 0 bytes
2026-04-28 14:20:23.092 [Information] FCT.G6T.Infrastructure.Serial.G6TAdapter - G6T TX [UNKNOWN] attempt 1: 1F 2F 3F FF 00 03 00 EC
2026-04-28 14:20:25.266 [Information] FCT.G6T.Infrastructure.Serial.G6TAdapter - G6T connected on COM23 @ 9600
2026-04-28 14:20:25.268 [Information] FCT.G6T.Application.Services.TestOrchestrator - Send PowerOff command to G6T.
2026-04-28 14:20:25.268 [Information] FCT.G6T.Infrastructure.Serial.G6TAdapter - G6T TX [COM23] attempt 1: 1F 2F 3F FF 00 01 00 EE
2026-04-28 14:20:28.277 [Information] FCT.G6T.Infrastructure.Serial.G6TAdapter - G6T TX [COM23] attempt 2: 1F 2F 3F FF 00 01 00 EE
2026-04-28 14:20:28.360 [Information] FCT.G6T.Application.Services.SmokeDeviceTestService - [PORT][COM23] IsOpen=True
[TX][COM23] 1F 2F 3F FF 00 01 00 EE
[RX][COM23] 1F 2F 3F FF 01 01 06 E9
[ACK][PASS] Reset PowerOff - Command=PowerControl, Status=Success
2026-04-28 14:20:28.361 [Information] FCT.G6T.Infrastructure.Serial.G6TAdapter - G6T TX [COM23] attempt 1: 1F 2F 3F FF 00 03 00 EC
2026-04-28 14:20:28.431 [Information] FCT.G6T.Application.Services.SmokeDeviceTestService - [PORT][COM23] IsOpen=True
[TX][COM23] 1F 2F 3F FF 00 03 00 EC
[RX][COM23] 1F 2F 3F FF 01 03 06 EB
[ACK][PASS] Reset SetCalibPinOff - Command=SetCalibPin, Status=Success
2026-04-28 14:20:33.120 [Information] FCT.G6T.Infrastructure.Serial.G6TAdapter - G6T disconnected.
2026-04-28 14:20:34.177 [Information] FCT.G6T.Infrastructure.Serial.G6TAdapter - G6T connected on COM23 @ 9600
2026-04-28 14:20:34.180 [Information] FCT.G6T.Application.Services.TestOrchestrator - Send PowerOff command to G6T.
2026-04-28 14:20:34.180 [Information] FCT.G6T.Infrastructure.Serial.G6TAdapter - G6T TX [COM23] attempt 1: 1F 2F 3F FF 00 01 00 EE
2026-04-28 14:20:37.201 [Information] FCT.G6T.Infrastructure.Serial.G6TAdapter - G6T TX [COM23] attempt 2: 1F 2F 3F FF 00 01 00 EE
2026-04-28 14:20:37.264 [Information] FCT.G6T.Application.Services.SmokeDeviceTestService - [PORT][COM23] IsOpen=True
[TX][COM23] 1F 2F 3F FF 00 01 00 EE
[RX][COM23] 1F 2F 3F FF 01 01 06 E9
[ACK][PASS] Reset PowerOff - Command=PowerControl, Status=Success
2026-04-28 14:20:37.265 [Information] FCT.G6T.Infrastructure.Serial.G6TAdapter - G6T TX [COM23] attempt 1: 1F 2F 3F FF 00 03 00 EC
2026-04-28 14:20:40.282 [Information] FCT.G6T.Infrastructure.Serial.G6TAdapter - G6T TX [COM23] attempt 2: 1F 2F 3F FF 00 03 00 EC
2026-04-28 14:20:40.345 [Information] FCT.G6T.Application.Services.SmokeDeviceTestService - [PORT][COM23] IsOpen=True
[TX][COM23] 1F 2F 3F FF 00 03 00 EC
[RX][COM23] 1F 2F 3F FF 01 03 06 EB
[ACK][PASS] Reset SetCalibPinOff - Command=SetCalibPin, Status=Success
2026-04-28 14:20:55.172 [Information] FCT.G6T.Application.Services.TestOrchestrator - Send PowerOn command to G6T.
2026-04-28 14:20:55.173 [Information] FCT.G6T.Infrastructure.Serial.G6TAdapter - G6T TX [COM23] attempt 1: 1F 2F 3F FF 00 01 01 EF
2026-04-28 14:20:55.238 [Information] FCT.G6T.Application.Services.SmokeDeviceTestService - [PORT][COM23] IsOpen=True
[TX][COM23] 1F 2F 3F FF 00 01 01 EF
[RX][COM23] 1F 2F 3F FF 01 01 06 E9
[ACK][PASS] Cấp nguồn - Command=PowerControl, Status=Success
2026-04-28 14:20:56.513 [Information] FCT.G6T.Application.Services.SmokeDeviceTestService - LED ROI Detect: phát hiện đủ màu đỏ và xanh.
2026-04-28 14:20:56.515 [Information] FCT.G6T.Infrastructure.Serial.G6TAdapter - G6T TX [COM23] attempt 1: 1F 2F 3F FF 00 02 00 ED
2026-04-28 14:20:59.545 [Information] FCT.G6T.Infrastructure.Serial.G6TAdapter - G6T TX [COM23] attempt 2: 1F 2F 3F FF 00 02 00 ED
2026-04-28 14:21:01.599 [Information] FCT.G6T.Application.Services.SmokeDeviceTestService - [PORT][COM23] IsOpen=True
[TX][COM23] 1F 2F 3F FF 00 02 00 ED
[RX][COM23] 1F 2F 3F FF 01 02 15 F9
[ACK][FAIL] Button Test - Command=TestButton, Status=Failed
2026-04-28 14:21:01.756 [Information] FCT.G6T.Infrastructure.Serial.G6TAdapter - G6T TX [COM23] attempt 1: 1F 2F 3F FF 00 02 00 ED
2026-04-28 14:21:04.773 [Information] FCT.G6T.Infrastructure.Serial.G6TAdapter - G6T TX [COM23] attempt 2: 1F 2F 3F FF 00 02 00 ED
2026-04-28 14:21:06.673 [Information] FCT.G6T.Application.Services.SmokeDeviceTestService - [PORT][COM23] IsOpen=True
[TX][COM23] 1F 2F 3F FF 00 02 00 ED
[RX][COM23] 1F 2F 3F FF 01 02 15 F9
[ACK][FAIL] Button Test - Command=TestButton, Status=Failed
2026-04-28 14:21:06.892 [Information] FCT.G6T.Application.Services.TestOrchestrator - Send PowerOff command to G6T.
2026-04-28 14:21:06.892 [Information] FCT.G6T.Infrastructure.Serial.G6TAdapter - G6T TX [COM23] attempt 1: 1F 2F 3F FF 00 01 00 EE
2026-04-28 14:21:06.954 [Information] FCT.G6T.Application.Services.SmokeDeviceTestService - [PORT][COM23] IsOpen=True
[TX][COM23] 1F 2F 3F FF 00 01 00 EE
[RX][COM23] 1F 2F 3F FF 01 01 06 E9
[ACK][PASS] Reset PowerOff - Command=PowerControl, Status=Success
2026-04-28 14:21:06.954 [Information] FCT.G6T.Infrastructure.Serial.G6TAdapter - G6T TX [COM23] attempt 1: 1F 2F 3F FF 00 03 00 EC
2026-04-28 14:21:09.970 [Information] FCT.G6T.Infrastructure.Serial.G6TAdapter - G6T TX [COM23] attempt 2: 1F 2F 3F FF 00 03 00 EC
2026-04-28 14:21:10.032 [Information] FCT.G6T.Application.Services.SmokeDeviceTestService - [PORT][COM23] IsOpen=True
[TX][COM23] 1F 2F 3F FF 00 03 00 EC
[RX][COM23] 1F 2F 3F FF 01 03 06 EB
[ACK][PASS] Reset SetCalibPinOff - Command=SetCalibPin, Status=Success
2026-04-28 14:22:23.547 [Information] FCT.G6T.Infrastructure.Serial.DetectorAdapter - Detector connected on COM11 @ 9600
2026-04-28 14:22:30.270 [Information] FCT.G6T.Infrastructure.Serial.G6TAdapter - G6T disconnected.
2026-04-28 14:24:53.760 [Information] FCT.G6T.Infrastructure.Serial.G6TAdapter - G6T connected on COM23 @ 9600
2026-04-28 14:24:53.925 [Information] FCT.G6T.Application.Services.TestOrchestrator - Send PowerOff command to G6T.
2026-04-28 14:24:53.933 [Information] FCT.G6T.Infrastructure.Serial.G6TAdapter - G6T TX [COM23] attempt 1: 1F 2F 3F FF 00 01 00 EE
2026-04-28 14:24:54.018 [Information] FCT.G6T.Application.Services.SmokeDeviceTestService - [PORT][COM23] IsOpen=True
[TX][COM23] 1F 2F 3F FF 00 01 00 EE
[RX][COM23] 1F 2F 3F FF 01 01 06 E9
[ACK][PASS] Reset PowerOff - Command=PowerControl, Status=Success
2026-04-28 14:24:54.020 [Information] FCT.G6T.Infrastructure.Serial.G6TAdapter - G6T TX [COM23] attempt 1: 1F 2F 3F FF 00 03 00 EC
2026-04-28 14:24:54.089 [Information] FCT.G6T.Application.Services.SmokeDeviceTestService - [PORT][COM23] IsOpen=True
[TX][COM23] 1F 2F 3F FF 00 03 00 EC
[RX][COM23] 1F 2F 3F FF 01 03 06 EB
[ACK][PASS] Reset SetCalibPinOff - Command=SetCalibPin, Status=Success
2026-04-28 14:24:56.474 [Information] FCT.G6T.Infrastructure.Serial.DetectorAdapter - Detector connected on COM11 @ 9600
2026-04-28 15:07:38.305 [Information] FCT.G6T.Infrastructure.Serial.G6TAdapter - G6T connected on COM16 @ 9600
2026-04-28 15:07:38.454 [Information] FCT.G6T.Application.Services.TestOrchestrator - Send PowerOff command to G6T.
2026-04-28 15:07:38.461 [Information] FCT.G6T.Infrastructure.Serial.G6TAdapter - G6T TX [COM16] attempt 1: 1F 2F 3F FF 00 01 00 EE
2026-04-28 15:07:38.567 [Information] FCT.G6T.Application.Services.SmokeDeviceTestService - [PORT][COM16] IsOpen=True
[TX][COM16] 1F 2F 3F FF 00 01 00 EE
[RX][COM16] 1F 2F 3F FF 01 01 06 E9
[ACK][PASS] Reset PowerOff - Command=PowerControl, Status=Success
2026-04-28 15:07:38.571 [Information] FCT.G6T.Infrastructure.Serial.G6TAdapter - G6T TX [COM16] attempt 1: 1F 2F 3F FF 00 03 00 EC
2026-04-28 15:07:38.645 [Information] FCT.G6T.Application.Services.SmokeDeviceTestService - [PORT][COM16] IsOpen=True
[TX][COM16] 1F 2F 3F FF 00 03 00 EC
[RX][COM16] 1F 2F 3F FF 01 03 06 EB
[ACK][PASS] Reset SetCalibPinOff - Command=SetCalibPin, Status=Success
2026-04-28 15:07:41.724 [Information] FCT.G6T.Infrastructure.Serial.DetectorAdapter - Detector connected on COM11 @ 9600
2026-04-28 15:07:44.729 [Information] FCT.G6T.Application.Services.TestOrchestrator - Send PowerOn command to G6T.
2026-04-28 15:07:44.730 [Information] FCT.G6T.Infrastructure.Serial.G6TAdapter - G6T TX [COM16] attempt 1: 1F 2F 3F FF 00 01 01 EF
2026-04-28 15:07:44.802 [Information] FCT.G6T.Application.Services.SmokeDeviceTestService - [PORT][COM16] IsOpen=True
[TX][COM16] 1F 2F 3F FF 00 01 01 EF
[RX][COM16] 1F 2F 3F FF 01 01 06 E9
[ACK][PASS] Cấp nguồn - Command=PowerControl, Status=Success
2026-04-28 15:07:45.849 [Information] FCT.G6T.Application.Services.SmokeDeviceTestService - LED ROI Detect: phát hiện đủ màu đỏ và xanh.
2026-04-28 15:07:45.852 [Information] FCT.G6T.Infrastructure.Serial.G6TAdapter - G6T TX [COM16] attempt 1: 1F 2F 3F FF 00 02 00 ED
2026-04-28 15:07:48.877 [Information] FCT.G6T.Infrastructure.Serial.G6TAdapter - G6T TX [COM16] attempt 2: 1F 2F 3F FF 00 02 00 ED
2026-04-28 15:07:50.943 [Information] FCT.G6T.Application.Services.SmokeDeviceTestService - [PORT][COM16] IsOpen=True
[TX][COM16] 1F 2F 3F FF 00 02 00 ED
[RX][COM16] 1F 2F 3F FF 01 02 15 F9
[ACK][FAIL] Button Test - Command=TestButton, Status=Failed
2026-04-28 15:07:51.096 [Information] FCT.G6T.Infrastructure.Serial.G6TAdapter - G6T TX [COM16] attempt 1: 1F 2F 3F FF 00 02 00 ED
2026-04-28 15:07:54.117 [Information] FCT.G6T.Infrastructure.Serial.G6TAdapter - G6T TX [COM16] attempt 2: 1F 2F 3F FF 00 02 00 ED
2026-04-28 15:07:56.011 [Information] FCT.G6T.Application.Services.SmokeDeviceTestService - [PORT][COM16] IsOpen=True
[TX][COM16] 1F 2F 3F FF 00 02 00 ED
[RX][COM16] 1F 2F 3F FF 01 02 15 F9
[ACK][FAIL] Button Test - Command=TestButton, Status=Failed
2026-04-28 15:07:56.244 [Information] FCT.G6T.Application.Services.TestOrchestrator - Send PowerOff command to G6T.
2026-04-28 15:07:56.244 [Information] FCT.G6T.Infrastructure.Serial.G6TAdapter - G6T TX [COM16] attempt 1: 1F 2F 3F FF 00 01 00 EE
2026-04-28 15:07:56.321 [Information] FCT.G6T.Application.Services.SmokeDeviceTestService - [PORT][COM16] IsOpen=True
[TX][COM16] 1F 2F 3F FF 00 01 00 EE
[RX][COM16] 1F 2F 3F FF 01 01 06 E9
[ACK][PASS] Reset PowerOff - Command=PowerControl, Status=Success
2026-04-28 15:07:56.322 [Information] FCT.G6T.Infrastructure.Serial.G6TAdapter - G6T TX [COM16] attempt 1: 1F 2F 3F FF 00 03 00 EC
2026-04-28 15:07:59.352 [Information] FCT.G6T.Infrastructure.Serial.G6TAdapter - G6T TX [COM16] attempt 2: 1F 2F 3F FF 00 03 00 EC
2026-04-28 15:07:59.431 [Information] FCT.G6T.Application.Services.SmokeDeviceTestService - [PORT][COM16] IsOpen=True
[TX][COM16] 1F 2F 3F FF 00 03 00 EC
[RX][COM16] 1F 2F 3F FF 01 03 06 EB
[ACK][PASS] Reset SetCalibPinOff - Command=SetCalibPin, Status=Success
