2026-05-04 10:04:40.930 [Information] FCT.G6T.Infrastructure.Serial.G6TAdapter - G6T connected on COM16 @ 9600
2026-05-04 10:04:41.099 [Information] FCT.G6T.Application.Services.TestOrchestrator - Send PowerOff command to G6T.
2026-05-04 10:04:41.108 [Information] FCT.G6T.Infrastructure.Serial.G6TAdapter - G6T TX [COM16] attempt 1: 1F 2F 3F FF 00 01 00 EE
2026-05-04 10:04:41.214 [Information] FCT.G6T.Application.Services.SmokeDeviceTestService - [PORT][COM16] IsOpen=True
[TX][COM16] 1F 2F 3F FF 00 01 00 EE
[RX][COM16] 1F 2F 3F FF 01 01 06 E9
[ACK][PASS] Reset PowerOff - Command=PowerControl, Status=Success
2026-05-04 10:04:41.216 [Information] FCT.G6T.Infrastructure.Serial.G6TAdapter - G6T TX [COM16] attempt 1: 1F 2F 3F FF 00 03 00 EC
2026-05-04 10:04:41.299 [Information] FCT.G6T.Application.Services.SmokeDeviceTestService - [PORT][COM16] IsOpen=True
[TX][COM16] 1F 2F 3F FF 00 03 00 EC
[RX][COM16] 1F 2F 3F FF 01 03 06 EB
[ACK][PASS] Reset SetCalibPinOff - Command=SetCalibPin, Status=Success
2026-05-04 10:04:56.395 [Information] FCT.G6T.Infrastructure.Serial.G6TAdapter - G6T disconnected.
2026-05-04 10:05:14.617 [Information] FCT.G6T.Infrastructure.Serial.G6TAdapter - G6T connected on COM16 @ 9600
2026-05-04 10:05:14.702 [Information] FCT.G6T.Application.Services.TestOrchestrator - Send PowerOff command to G6T.
2026-05-04 10:05:14.708 [Information] FCT.G6T.Infrastructure.Serial.G6TAdapter - G6T TX [COM16] attempt 1: 1F 2F 3F FF 00 01 00 EE
2026-05-04 10:05:14.782 [Information] FCT.G6T.Application.Services.SmokeDeviceTestService - [PORT][COM16] IsOpen=True
[TX][COM16] 1F 2F 3F FF 00 01 00 EE
[RX][COM16] 1F 2F 3F FF 01 01 06 E9
[ACK][PASS] Reset PowerOff - Command=PowerControl, Status=Success
2026-05-04 10:05:14.782 [Information] FCT.G6T.Infrastructure.Serial.G6TAdapter - G6T TX [COM16] attempt 1: 1F 2F 3F FF 00 03 00 EC
2026-05-04 10:05:15.290 [Information] FCT.G6T.Infrastructure.Serial.G6TAdapter - G6T disconnected.
2026-05-04 10:05:16.532 [Information] FCT.G6T.Infrastructure.Serial.G6TAdapter - G6T connected on COM16 @ 9600
2026-05-04 10:05:16.542 [Information] FCT.G6T.Application.Services.TestOrchestrator - Send PowerOff command to G6T.
2026-05-04 10:05:16.542 [Information] FCT.G6T.Infrastructure.Serial.G6TAdapter - G6T TX [COM16] attempt 1: 1F 2F 3F FF 00 01 00 EE
2026-05-04 10:05:17.805 [Information] FCT.G6T.Infrastructure.Serial.G6TAdapter - G6T TX [COM16] attempt 2: 1F 2F 3F FF 00 03 00 EC
2026-05-04 10:05:17.869 [Information] FCT.G6T.Application.Services.SmokeDeviceTestService - [PORT][COM16] IsOpen=True
[TX][COM16] 1F 2F 3F FF 00 01 00 EE
[RX][COM16] 1F 2F 3F FF 01 01 06 E9
[ACK][PASS] Reset PowerOff - Command=PowerControl, Status=Success
2026-05-04 10:05:17.870 [Information] FCT.G6T.Infrastructure.Serial.G6TAdapter - G6T TX [COM16] attempt 1: 1F 2F 3F FF 00 03 00 EC
2026-05-04 10:05:20.955 [Information] FCT.G6T.Application.Services.SmokeDeviceTestService - [PORT][COM16] IsOpen=True
[TX][COM16] 1F 2F 3F FF 00 03 00 EC
[RX][COM16] 1F 2F 3F FF 01 03 06 EB
[ACK][PASS] Reset SetCalibPinOff - Command=SetCalibPin, Status=Success
2026-05-04 10:05:20.957 [Warning] FCT.G6T.Application.Services.SmokeDeviceTestService - [TX][COM16] 1F 2F 3F FF 00 03 00 EC
[PORT][COM16] IsOpen=True
[RX][COM16] <empty>
[ACK][FAIL] Reset SetCalibPinOff - Response quá ngắn: 0 bytes
2026-05-04 10:05:23.443 [Information] FCT.G6T.Infrastructure.Serial.G6TAdapter - G6T disconnected.
2026-05-04 10:05:27.779 [Information] FCT.G6T.Infrastructure.Serial.DetectorAdapter - Detector connected on COM11 @ 9600
2026-05-04 10:05:32.247 [Information] FCT.G6T.Infrastructure.Serial.G6TAdapter - G6T connected on COM16 @ 9600
2026-05-04 10:05:32.248 [Information] FCT.G6T.Application.Services.TestOrchestrator - Send PowerOn command to G6T.
2026-05-04 10:05:32.248 [Information] FCT.G6T.Infrastructure.Serial.G6TAdapter - G6T TX [COM16] attempt 1: 1F 2F 3F FF 00 01 01 EF
2026-05-04 10:05:35.274 [Information] FCT.G6T.Infrastructure.Serial.G6TAdapter - G6T TX [COM16] attempt 2: 1F 2F 3F FF 00 01 01 EF
2026-05-04 10:05:35.339 [Information] FCT.G6T.Application.Services.SmokeDeviceTestService - [PORT][COM16] IsOpen=True
[TX][COM16] 1F 2F 3F FF 00 01 01 EF
[RX][COM16] 1F 2F 3F FF 01 01 06 E9
[ACK][PASS] Cấp nguồn - Command=PowerControl, Status=Success
2026-05-04 10:05:36.299 [Information] FCT.G6T.Application.Services.SmokeDeviceTestService - LED ROI Detect: phát hiện đủ màu đỏ và xanh.
2026-05-04 10:05:36.301 [Information] FCT.G6T.Infrastructure.Serial.G6TAdapter - G6T TX [COM16] attempt 1: 1F 2F 3F FF 00 02 00 ED
2026-05-04 10:05:39.331 [Information] FCT.G6T.Infrastructure.Serial.G6TAdapter - G6T TX [COM16] attempt 2: 1F 2F 3F FF 00 02 00 ED
2026-05-04 10:05:41.388 [Information] FCT.G6T.Application.Services.SmokeDeviceTestService - [PORT][COM16] IsOpen=True
[TX][COM16] 1F 2F 3F FF 00 02 00 ED
[RX][COM16] 1F 2F 3F FF 01 02 15 F9
[ACK][FAIL] Button Test - Command=TestButton, Status=Failed
2026-05-04 10:05:41.547 [Information] FCT.G6T.Infrastructure.Serial.G6TAdapter - G6T TX [COM16] attempt 1: 1F 2F 3F FF 00 02 00 ED
2026-05-04 10:05:44.564 [Information] FCT.G6T.Infrastructure.Serial.G6TAdapter - G6T TX [COM16] attempt 2: 1F 2F 3F FF 00 02 00 ED
2026-05-04 10:05:46.458 [Information] FCT.G6T.Application.Services.SmokeDeviceTestService - [PORT][COM16] IsOpen=True
[TX][COM16] 1F 2F 3F FF 00 02 00 ED
[RX][COM16] 1F 2F 3F FF 01 02 15 F9
[ACK][FAIL] Button Test - Command=TestButton, Status=Failed
2026-05-04 10:05:46.681 [Information] FCT.G6T.Application.Services.TestOrchestrator - Send PowerOff command to G6T.
2026-05-04 10:05:46.681 [Information] FCT.G6T.Infrastructure.Serial.G6TAdapter - G6T TX [COM16] attempt 1: 1F 2F 3F FF 00 01 00 EE
2026-05-04 10:05:46.744 [Information] FCT.G6T.Application.Services.SmokeDeviceTestService - [PORT][COM16] IsOpen=True
[TX][COM16] 1F 2F 3F FF 00 01 00 EE
[RX][COM16] 1F 2F 3F FF 01 01 06 E9
[ACK][PASS] Reset PowerOff - Command=PowerControl, Status=Success
2026-05-04 10:05:46.745 [Information] FCT.G6T.Infrastructure.Serial.G6TAdapter - G6T TX [COM16] attempt 1: 1F 2F 3F FF 00 03 00 EC
2026-05-04 10:05:49.773 [Information] FCT.G6T.Infrastructure.Serial.G6TAdapter - G6T TX [COM16] attempt 2: 1F 2F 3F FF 00 03 00 EC
2026-05-04 10:05:49.837 [Information] FCT.G6T.Application.Services.SmokeDeviceTestService - [PORT][COM16] IsOpen=True
[TX][COM16] 1F 2F 3F FF 00 03 00 EC
[RX][COM16] 1F 2F 3F FF 01 03 06 EB
[ACK][PASS] Reset SetCalibPinOff - Command=SetCalibPin, Status=Success
2026-05-04 10:05:57.849 [Information] FCT.G6T.Application.Services.TestOrchestrator - Send PowerOn command to G6T.
2026-05-04 10:05:57.849 [Information] FCT.G6T.Infrastructure.Serial.G6TAdapter - G6T TX [COM16] attempt 1: 1F 2F 3F FF 00 01 01 EF
2026-05-04 10:05:57.851 [Warning] FCT.G6T.Infrastructure.Serial.G6TAdapter - ACK command mismatch — expected PowerControl, got TestButton | [PORT][COM16] IsOpen=True | [TX][COM16] 1F 2F 3F FF 00 01 01 EF | [RX][COM16] 1F 2F 3F FF 01 02 15 F9
2026-05-04 10:05:57.928 [Information] FCT.G6T.Application.Services.SmokeDeviceTestService - [PORT][COM16] IsOpen=True
[TX][COM16] 1F 2F 3F FF 00 01 01 EF
[RX][COM16] 1F 2F 3F FF 01 01 06 E9
[ACK][PASS] Cấp nguồn - Command=PowerControl, Status=Success
2026-05-04 10:06:03.197 [Information] FCT.G6T.Application.Services.TestOrchestrator - Send PowerOff command to G6T.
2026-05-04 10:06:03.197 [Information] FCT.G6T.Infrastructure.Serial.G6TAdapter - G6T TX [COM16] attempt 1: 1F 2F 3F FF 00 01 00 EE
2026-05-04 10:06:03.277 [Information] FCT.G6T.Application.Services.SmokeDeviceTestService - [PORT][COM16] IsOpen=True
[TX][COM16] 1F 2F 3F FF 00 01 00 EE
[RX][COM16] 1F 2F 3F FF 01 01 06 E9
[ACK][PASS] Reset PowerOff - Command=PowerControl, Status=Success
2026-05-04 10:06:03.277 [Information] FCT.G6T.Infrastructure.Serial.G6TAdapter - G6T TX [COM16] attempt 1: 1F 2F 3F FF 00 03 00 EC
2026-05-04 10:06:03.354 [Information] FCT.G6T.Application.Services.SmokeDeviceTestService - [PORT][COM16] IsOpen=True
[TX][COM16] 1F 2F 3F FF 00 03 00 EC
[RX][COM16] 1F 2F 3F FF 01 03 06 EB
[ACK][PASS] Reset SetCalibPinOff - Command=SetCalibPin, Status=Success
2026-05-04 10:06:12.093 [Information] FCT.G6T.Application.Services.TestOrchestrator - Send PowerOn command to G6T.
2026-05-04 10:06:12.093 [Information] FCT.G6T.Infrastructure.Serial.G6TAdapter - G6T TX [COM16] attempt 1: 1F 2F 3F FF 00 01 01 EF
2026-05-04 10:06:12.170 [Information] FCT.G6T.Application.Services.SmokeDeviceTestService - [PORT][COM16] IsOpen=True
[TX][COM16] 1F 2F 3F FF 00 01 01 EF
[RX][COM16] 1F 2F 3F FF 01 01 06 E9
[ACK][PASS] Cấp nguồn - Command=PowerControl, Status=Success
2026-05-04 10:06:13.182 [Information] FCT.G6T.Application.Services.SmokeDeviceTestService - LED ROI Detect: phát hiện đủ màu đỏ và xanh.
2026-05-04 10:06:13.185 [Information] FCT.G6T.Infrastructure.Serial.G6TAdapter - G6T TX [COM16] attempt 1: 1F 2F 3F FF 00 02 00 ED
2026-05-04 10:06:16.212 [Information] FCT.G6T.Infrastructure.Serial.G6TAdapter - G6T TX [COM16] attempt 2: 1F 2F 3F FF 00 02 00 ED
2026-05-04 10:06:18.281 [Information] FCT.G6T.Application.Services.SmokeDeviceTestService - [PORT][COM16] IsOpen=True
[TX][COM16] 1F 2F 3F FF 00 02 00 ED
[RX][COM16] 1F 2F 3F FF 01 02 15 F9
[ACK][FAIL] Button Test - Command=TestButton, Status=Failed
2026-05-04 10:06:18.437 [Information] FCT.G6T.Infrastructure.Serial.G6TAdapter - G6T TX [COM16] attempt 1: 1F 2F 3F FF 00 02 00 ED
2026-05-04 10:06:21.465 [Information] FCT.G6T.Infrastructure.Serial.G6TAdapter - G6T TX [COM16] attempt 2: 1F 2F 3F FF 00 02 00 ED
2026-05-04 10:06:23.349 [Information] FCT.G6T.Application.Services.SmokeDeviceTestService - [PORT][COM16] IsOpen=True
[TX][COM16] 1F 2F 3F FF 00 02 00 ED
[RX][COM16] 1F 2F 3F FF 01 02 15 F9
[ACK][FAIL] Button Test - Command=TestButton, Status=Failed
2026-05-04 10:06:23.570 [Information] FCT.G6T.Application.Services.TestOrchestrator - Send PowerOff command to G6T.
2026-05-04 10:06:23.570 [Information] FCT.G6T.Infrastructure.Serial.G6TAdapter - G6T TX [COM16] attempt 1: 1F 2F 3F FF 00 01 00 EE
2026-05-04 10:06:23.635 [Information] FCT.G6T.Application.Services.SmokeDeviceTestService - [PORT][COM16] IsOpen=True
[TX][COM16] 1F 2F 3F FF 00 01 00 EE
[RX][COM16] 1F 2F 3F FF 01 01 06 E9
[ACK][PASS] Reset PowerOff - Command=PowerControl, Status=Success
2026-05-04 10:06:23.635 [Information] FCT.G6T.Infrastructure.Serial.G6TAdapter - G6T TX [COM16] attempt 1: 1F 2F 3F FF 00 03 00 EC
2026-05-04 10:06:26.654 [Information] FCT.G6T.Infrastructure.Serial.G6TAdapter - G6T TX [COM16] attempt 2: 1F 2F 3F FF 00 03 00 EC
2026-05-04 10:06:26.718 [Information] FCT.G6T.Application.Services.SmokeDeviceTestService - [PORT][COM16] IsOpen=True
[TX][COM16] 1F 2F 3F FF 00 03 00 EC
[RX][COM16] 1F 2F 3F FF 01 03 06 EB
[ACK][PASS] Reset SetCalibPinOff - Command=SetCalibPin, Status=Success
2026-05-04 10:06:52.344 [Information] FCT.G6T.Infrastructure.Serial.G6TAdapter - G6T disconnected.
2026-05-04 15:52:32.262 [Information] FCT.G6T.Infrastructure.Serial.DetectorAdapter - Detector connected on COM11 @ 9600
2026-05-04 15:52:35.390 [Information] FCT.G6T.Infrastructure.Serial.G6TAdapter - G6T connected on COM16 @ 9600
2026-05-04 15:52:35.519 [Information] FCT.G6T.Application.Services.TestOrchestrator - Send PowerOff command to G6T.
2026-05-04 15:52:35.523 [Information] FCT.G6T.Infrastructure.Serial.G6TAdapter - G6T TX [COM16] attempt 1: 1F 2F 3F FF 00 01 00 EE
2026-05-04 15:52:35.595 [Information] FCT.G6T.Application.Services.SmokeDeviceTestService - [PORT][COM16] IsOpen=True
[TX][COM16] 1F 2F 3F FF 00 01 00 EE
[RX][COM16] 1F 2F 3F FF 01 01 06 E9
[ACK][PASS] Reset PowerOff - Command=PowerControl, Status=Success
2026-05-04 15:52:35.597 [Information] FCT.G6T.Infrastructure.Serial.G6TAdapter - G6T TX [COM16] attempt 1: 1F 2F 3F FF 00 03 00 EC
2026-05-04 15:53:04.601 [Information] FCT.G6T.Infrastructure.Serial.G6TAdapter - G6T disconnected.
2026-05-04 15:53:04.625 [Information] FCT.G6T.Infrastructure.Serial.G6TAdapter - G6T TX [COM16] attempt 2: 1F 2F 3F FF 00 03 00 EC
2026-05-04 15:53:04.637 [Information] FCT.G6T.Infrastructure.Serial.G6TAdapter - G6T disconnected.
2026-05-04 15:53:04.637 [Information] FCT.G6T.Infrastructure.Serial.G6TAdapter - G6T disconnected.
2026-05-04 15:53:04.637 [Information] FCT.G6T.Infrastructure.Serial.G6TAdapter - G6T disconnected.
2026-05-04 15:53:04.637 [Information] FCT.G6T.Infrastructure.Serial.G6TAdapter - G6T disconnected.
2026-05-04 15:53:04.637 [Information] FCT.G6T.Infrastructure.Serial.G6TAdapter - G6T disconnected.
2026-05-04 15:53:04.637 [Information] FCT.G6T.Infrastructure.Serial.G6TAdapter - G6T disconnected.
2026-05-04 15:53:04.668 [Information] FCT.G6T.Infrastructure.Serial.G6TAdapter - G6T disconnected.
2026-05-04 15:53:04.668 [Information] FCT.G6T.Infrastructure.Serial.G6TAdapter - G6T disconnected.
2026-05-04 15:53:10.667 [Information] FCT.G6T.Infrastructure.Serial.G6TAdapter - G6T connected on COM16 @ 9600
2026-05-04 15:53:10.681 [Information] FCT.G6T.Application.Services.TestOrchestrator - Send PowerOff command to G6T.
2026-05-04 15:53:10.681 [Information] FCT.G6T.Infrastructure.Serial.G6TAdapter - G6T TX [COM16] attempt 1: 1F 2F 3F FF 00 01 00 EE
2026-05-04 15:53:40.375 [Information] FCT.G6T.Infrastructure.Serial.G6TAdapter - G6T disconnected.
2026-05-04 15:53:40.406 [Information] FCT.G6T.Infrastructure.Serial.G6TAdapter - G6T TX [COM16] attempt 2: 1F 2F 3F FF 00 01 00 EE
2026-05-04 15:53:40.424 [Information] FCT.G6T.Infrastructure.Serial.G6TAdapter - G6T disconnected.
2026-05-04 15:53:40.424 [Information] FCT.G6T.Infrastructure.Serial.G6TAdapter - G6T disconnected.
2026-05-04 15:53:40.424 [Information] FCT.G6T.Infrastructure.Serial.G6TAdapter - G6T disconnected.
2026-05-04 15:53:40.424 [Information] FCT.G6T.Infrastructure.Serial.G6TAdapter - G6T disconnected.
2026-05-04 15:53:40.424 [Information] FCT.G6T.Infrastructure.Serial.G6TAdapter - G6T disconnected.
2026-05-04 15:53:40.425 [Information] FCT.G6T.Infrastructure.Serial.G6TAdapter - G6T disconnected.
2026-05-04 15:53:40.444 [Information] FCT.G6T.Infrastructure.Serial.G6TAdapter - G6T disconnected.
2026-05-04 15:53:40.444 [Information] FCT.G6T.Infrastructure.Serial.G6TAdapter - G6T disconnected.
2026-05-04 15:53:40.444 [Information] FCT.G6T.Infrastructure.Serial.G6TAdapter - G6T disconnected.
2026-05-04 15:53:40.444 [Information] FCT.G6T.Infrastructure.Serial.G6TAdapter - G6T disconnected.
2026-05-04 15:53:40.444 [Information] FCT.G6T.Infrastructure.Serial.G6TAdapter - G6T disconnected.
2026-05-04 15:53:40.444 [Information] FCT.G6T.Infrastructure.Serial.G6TAdapter - G6T disconnected.
2026-05-04 15:53:40.444 [Information] FCT.G6T.Infrastructure.Serial.G6TAdapter - G6T disconnected.
2026-05-04 15:53:40.465 [Information] FCT.G6T.Infrastructure.Serial.G6TAdapter - G6T disconnected.
2026-05-04 15:53:40.465 [Information] FCT.G6T.Infrastructure.Serial.G6TAdapter - G6T disconnected.
2026-05-04 15:53:40.465 [Information] FCT.G6T.Infrastructure.Serial.G6TAdapter - G6T disconnected.
2026-05-04 15:53:40.482 [Information] FCT.G6T.Infrastructure.Serial.G6TAdapter - G6T disconnected.
2026-05-04 15:53:40.482 [Information] FCT.G6T.Infrastructure.Serial.G6TAdapter - G6T disconnected.
2026-05-04 15:53:40.482 [Information] FCT.G6T.Infrastructure.Serial.G6TAdapter - G6T disconnected.
2026-05-04 15:53:40.482 [Information] FCT.G6T.Infrastructure.Serial.G6TAdapter - G6T disconnected.
2026-05-04 15:53:40.482 [Information] FCT.G6T.Infrastructure.Serial.G6TAdapter - G6T disconnected.
2026-05-04 15:53:40.482 [Information] FCT.G6T.Infrastructure.Serial.G6TAdapter - G6T disconnected.
2026-05-04 15:53:40.482 [Information] FCT.G6T.Infrastructure.Serial.G6TAdapter - G6T disconnected.
2026-05-04 15:53:51.524 [Information] FCT.G6T.Infrastructure.Serial.G6TAdapter - G6T connected on COM16 @ 9600
2026-05-04 15:53:51.530 [Information] FCT.G6T.Application.Services.TestOrchestrator - Send PowerOff command to G6T.
2026-05-04 15:53:51.530 [Information] FCT.G6T.Infrastructure.Serial.G6TAdapter - G6T TX [COM16] attempt 1: 1F 2F 3F FF 00 01 00 EE
2026-05-04 15:54:38.732 [Information] FCT.G6T.Infrastructure.Serial.G6TAdapter - G6T disconnected.
2026-05-04 15:54:38.748 [Information] FCT.G6T.Infrastructure.Serial.G6TAdapter - G6T disconnected.
2026-05-04 15:54:38.760 [Information] FCT.G6T.Infrastructure.Serial.G6TAdapter - G6T TX [COM16] attempt 2: 1F 2F 3F FF 00 01 00 EE
2026-05-04 15:55:16.435 [Information] FCT.G6T.Infrastructure.Serial.G6TAdapter - G6T connected on COM16 @ 9600
2026-05-04 15:55:16.537 [Information] FCT.G6T.Application.Services.TestOrchestrator - Send PowerOff command to G6T.
2026-05-04 15:55:16.540 [Information] FCT.G6T.Infrastructure.Serial.G6TAdapter - G6T TX [COM16] attempt 1: 1F 2F 3F FF 00 01 00 EE
2026-05-04 15:55:16.608 [Information] FCT.G6T.Application.Services.SmokeDeviceTestService - [PORT][COM16] IsOpen=True
[TX][COM16] 1F 2F 3F FF 00 01 00 EE
[RX][COM16] 1F 2F 3F FF 01 01 06 E9
[ACK][PASS] Reset PowerOff - Command=PowerControl, Status=Success
2026-05-04 15:55:16.609 [Information] FCT.G6T.Infrastructure.Serial.G6TAdapter - G6T TX [COM16] attempt 1: 1F 2F 3F FF 00 03 00 EC
2026-05-04 15:55:23.541 [Information] FCT.G6T.Infrastructure.Serial.DetectorAdapter - Detector connected on COM11 @ 9600
2026-05-04 15:55:37.475 [Information] FCT.G6T.Application.Services.TestOrchestrator - Send PowerOn command to G6T.
2026-05-04 15:55:37.475 [Information] FCT.G6T.Infrastructure.Serial.G6TAdapter - G6T TX [COM16] attempt 1: 1F 2F 3F FF 00 01 01 EF
2026-05-04 15:58:35.178 [Information] FCT.G6T.Infrastructure.Serial.DetectorAdapter - Detector connected on COM11 @ 9600
2026-05-04 15:58:40.603 [Information] FCT.G6T.Infrastructure.Serial.G6TAdapter - G6T connected on COM16 @ 9600
2026-05-04 15:58:40.718 [Information] FCT.G6T.Application.Services.TestOrchestrator - Send PowerOff command to G6T.
2026-05-04 15:58:40.722 [Information] FCT.G6T.Infrastructure.Serial.G6TAdapter - G6T TX [COM16] attempt 1: 1F 2F 3F FF 00 01 00 EE
2026-05-04 15:58:40.792 [Information] FCT.G6T.Application.Services.SmokeDeviceTestService - [PORT][COM16] IsOpen=True
[TX][COM16] 1F 2F 3F FF 00 01 00 EE
[RX][COM16] 1F 2F 3F FF 01 01 06 E9
[ACK][PASS] Reset PowerOff - Command=PowerControl, Status=Success
2026-05-04 15:58:40.794 [Information] FCT.G6T.Infrastructure.Serial.G6TAdapter - G6T TX [COM16] attempt 1: 1F 2F 3F FF 00 03 00 EC
2026-05-04 16:01:47.644 [Information] FCT.G6T.Infrastructure.Serial.DetectorAdapter - Detector connected on COM11 @ 9600
2026-05-04 16:01:50.510 [Information] FCT.G6T.Infrastructure.Serial.G6TAdapter - G6T connected on COM16 @ 9600
2026-05-04 16:01:50.525 [Information] FCT.G6T.Infrastructure.Serial.G6TAdapter - G6T TX (no-ack) [COM16]: 1F 2F 3F FF 00 01 00 EE
2026-05-04 16:01:50.532 [Information] FCT.G6T.Infrastructure.Serial.G6TAdapter - G6T TX (no-ack) [COM16]: 1F 2F 3F FF 00 03 00 EC
2026-05-04 16:01:58.493 [Information] FCT.G6T.Application.Services.TestOrchestrator - Send PowerOn command to G6T.
2026-05-04 16:01:58.494 [Information] FCT.G6T.Infrastructure.Serial.G6TAdapter - G6T TX [COM16] attempt 1: 1F 2F 3F FF 00 01 01 EF
2026-05-04 16:01:58.570 [Information] FCT.G6T.Application.Services.SmokeDeviceTestService - [PORT][COM16] IsOpen=True
[TX][COM16] 1F 2F 3F FF 00 01 01 EF
[RX][COM16] 1F 2F 3F FF 01 01 06 E9
[ACK][PASS] Cấp nguồn - Command=PowerControl, Status=Success
2026-05-04 16:01:59.775 [Information] FCT.G6T.Application.Services.SmokeDeviceTestService - LED ROI Detect: phát hiện đủ màu đỏ và xanh.
2026-05-04 16:01:59.778 [Information] FCT.G6T.Infrastructure.Serial.G6TAdapter - G6T TX [COM16] attempt 1: 1F 2F 3F FF 00 02 00 ED
2026-05-04 16:02:04.772 [Information] FCT.G6T.Infrastructure.Serial.G6TAdapter - G6T TX [COM16] attempt 2: 1F 2F 3F FF 00 02 00 ED
2026-05-04 16:02:46.950 [Warning] FCT.G6T.Application.Services.SmokeDeviceTestService - [ACK][FAIL] Button Test - canceled
2026-05-04 16:02:57.190 [Information] FCT.G6T.Infrastructure.Serial.G6TAdapter - G6T connected on COM16 @ 9600
2026-05-04 16:02:57.211 [Information] FCT.G6T.Infrastructure.Serial.G6TAdapter - G6T TX (no-ack) [COM16]: 1F 2F 3F FF 00 01 00 EE
2026-05-04 16:02:57.216 [Information] FCT.G6T.Infrastructure.Serial.G6TAdapter - G6T TX (no-ack) [COM16]: 1F 2F 3F FF 00 03 00 EC
2026-05-04 16:02:58.454 [Information] FCT.G6T.Infrastructure.Serial.DetectorAdapter - Detector connected on COM11 @ 9600
2026-05-04 16:03:02.367 [Information] FCT.G6T.Application.Services.TestOrchestrator - Send PowerOn command to G6T.
2026-05-04 16:03:02.368 [Information] FCT.G6T.Infrastructure.Serial.G6TAdapter - G6T TX [COM16] attempt 1: 1F 2F 3F FF 00 01 01 EF
2026-05-04 16:03:02.404 [Information] FCT.G6T.Application.Services.SmokeDeviceTestService - [PORT][COM16] IsOpen=True
[TX][COM16] 1F 2F 3F FF 00 01 01 EF
[RX][COM16] 1F 2F 3F FF 01 01 06 E9
[ACK][PASS] Cấp nguồn - Command=PowerControl, Status=Success
2026-05-04 16:03:03.331 [Information] FCT.G6T.Application.Services.SmokeDeviceTestService - LED ROI Detect: phát hiện đủ màu đỏ và xanh.
2026-05-04 16:03:03.333 [Information] FCT.G6T.Infrastructure.Serial.G6TAdapter - G6T TX [COM16] attempt 1: 1F 2F 3F FF 00 02 00 ED
2026-05-04 16:03:03.336 [Warning] FCT.G6T.Infrastructure.Serial.G6TAdapter - ACK command mismatch — expected TestButton, got PowerControl | [PORT][COM16] IsOpen=True | [TX][COM16] 1F 2F 3F FF 00 02 00 ED | [RX][COM16] 1F 2F 3F FF 01 01 06 E9
2026-05-04 16:03:06.856 [Information] FCT.G6T.Infrastructure.Serial.G6TAdapter - G6T TX [COM16] attempt 2: 1F 2F 3F FF 00 02 00 ED
2026-05-04 16:03:17.085 [Warning] FCT.G6T.Application.Services.SmokeDeviceTestService - [ACK][FAIL] Button Test - canceled
2026-05-04 16:05:58.691 [Information] FCT.G6T.Infrastructure.Serial.G6TAdapter - G6T connected on COM16 @ 9600
2026-05-04 16:05:58.711 [Information] FCT.G6T.Infrastructure.Serial.G6TAdapter - G6T TX (no-ack) [COM16]: 1F 2F 3F FF 00 01 00 EE
2026-05-04 16:05:58.718 [Information] FCT.G6T.Infrastructure.Serial.G6TAdapter - G6T TX (no-ack) [COM16]: 1F 2F 3F FF 00 03 00 EC
2026-05-04 16:06:02.333 [Information] FCT.G6T.Infrastructure.Serial.DetectorAdapter - Detector connected on COM11 @ 9600
2026-05-04 16:06:03.876 [Information] FCT.G6T.Application.Services.TestOrchestrator - Send PowerOn command to G6T.
2026-05-04 16:06:03.878 [Information] FCT.G6T.Infrastructure.Serial.G6TAdapter - G6T TX [COM16] attempt 1: 1F 2F 3F FF 00 01 01 EF
2026-05-04 16:06:03.903 [Information] FCT.G6T.Application.Services.SmokeDeviceTestService - [PORT][COM16] IsOpen=True
[TX][COM16] 1F 2F 3F FF 00 01 01 EF
[RX][COM16] 1F 2F 3F FF 01 01 06 E9
[ACK][PASS] Cấp nguồn - Command=PowerControl, Status=Success
2026-05-04 16:06:04.989 [Information] FCT.G6T.Application.Services.SmokeDeviceTestService - LED ROI Detect: phát hiện đủ màu đỏ và xanh.
2026-05-04 16:06:04.992 [Information] FCT.G6T.Infrastructure.Serial.G6TAdapter - G6T TX [COM16] attempt 1: 1F 2F 3F FF 00 02 00 ED
2026-05-04 16:06:08.446 [Information] FCT.G6T.Infrastructure.Serial.G6TAdapter - G6T TX [COM16] attempt 2: 1F 2F 3F FF 00 02 00 ED
2026-05-04 16:06:40.448 [Warning] FCT.G6T.Application.Services.SmokeDeviceTestService - [ACK][FAIL] Button Test - canceled
2026-05-04 16:09:30.116 [Information] FCT.G6T.Infrastructure.Serial.G6TAdapter - G6T connected on COM16 @ 9600
2026-05-04 16:09:30.132 [Information] FCT.G6T.Infrastructure.Serial.G6TAdapter - G6T TX (no-ack) [COM16]: 1F 2F 3F FF 00 01 00 EE
2026-05-04 16:09:30.136 [Information] FCT.G6T.Infrastructure.Serial.G6TAdapter - G6T TX (no-ack) [COM16]: 1F 2F 3F FF 00 03 00 EC
2026-05-04 16:09:31.405 [Information] FCT.G6T.Infrastructure.Serial.DetectorAdapter - Detector connected on COM11 @ 9600
2026-05-04 16:09:33.888 [Information] FCT.G6T.Application.Services.TestOrchestrator - Send PowerOn command to G6T.
2026-05-04 16:09:33.890 [Information] FCT.G6T.Infrastructure.Serial.G6TAdapter - G6T TX [COM16] attempt 1: 1F 2F 3F FF 00 01 01 EF
2026-05-04 16:09:33.921 [Information] FCT.G6T.Application.Services.SmokeDeviceTestService - [PORT][COM16] IsOpen=True
[TX][COM16] 1F 2F 3F FF 00 01 01 EF
[RX][COM16] 1F 2F 3F FF 01 01 06 E9
[ACK][PASS] Cấp nguồn - Command=PowerControl, Status=Success
2026-05-04 16:09:33.997 [Information] FCT.G6T.Application.Services.SmokeDeviceTestService - LED ROI Detect: phát hiện đủ màu đỏ và xanh.
2026-05-04 16:09:33.999 [Information] FCT.G6T.Infrastructure.Serial.G6TAdapter - G6T TX [COM16] attempt 1: 1F 2F 3F FF 00 02 00 ED
2026-05-04 16:09:34.001 [Warning] FCT.G6T.Infrastructure.Serial.G6TAdapter - ACK command mismatch — expected TestButton, got PowerControl | [PORT][COM16] IsOpen=True | [TX][COM16] 1F 2F 3F FF 00 02 00 ED | [RX][COM16] 1F 2F 3F FF 01 01 06 E9
2026-05-04 16:09:39.202 [Information] FCT.G6T.Infrastructure.Serial.G6TAdapter - G6T TX [COM16] attempt 2: 1F 2F 3F FF 00 02 00 ED
2026-05-04 16:11:31.151 [Information] FCT.G6T.Infrastructure.Serial.DetectorAdapter - Detector connected on COM11 @ 9600
2026-05-04 16:11:32.825 [Information] FCT.G6T.Infrastructure.Serial.G6TAdapter - G6T connected on COM16 @ 9600
2026-05-04 16:11:32.834 [Information] FCT.G6T.Infrastructure.Serial.G6TAdapter - G6T TX (no-ack) [COM16]: 1F 2F 3F FF 00 01 00 EE
2026-05-04 16:11:32.839 [Information] FCT.G6T.Infrastructure.Serial.G6TAdapter - G6T TX (no-ack) [COM16]: 1F 2F 3F FF 00 03 00 EC
2026-05-04 16:11:40.462 [Information] FCT.G6T.Application.Services.TestOrchestrator - Send PowerOn command to G6T.
2026-05-04 16:11:40.464 [Information] FCT.G6T.Infrastructure.Serial.G6TAdapter - G6T TX [COM16] attempt 1: 1F 2F 3F FF 00 01 01 EF
2026-05-04 16:11:40.531 [Information] FCT.G6T.Application.Services.SmokeDeviceTestService - [PORT][COM16] IsOpen=True
[TX][COM16] 1F 2F 3F FF 00 01 01 EF
[RX][COM16] 1F 2F 3F FF 01 01 06 E9
[ACK][PASS] Cấp nguồn - Command=PowerControl, Status=Success
2026-05-04 16:11:45.789 [Information] FCT.G6T.Application.Services.TestOrchestrator - Send PowerOff command to G6T.
2026-05-04 16:11:45.789 [Information] FCT.G6T.Infrastructure.Serial.G6TAdapter - G6T TX [COM16] attempt 1: 1F 2F 3F FF 00 01 00 EE
2026-05-04 16:11:45.858 [Information] FCT.G6T.Application.Services.SmokeDeviceTestService - [PORT][COM16] IsOpen=True
[TX][COM16] 1F 2F 3F FF 00 01 00 EE
[RX][COM16] 1F 2F 3F FF 01 01 06 E9
[ACK][PASS] Reset PowerOff - Command=PowerControl, Status=Success
2026-05-04 16:11:45.859 [Information] FCT.G6T.Infrastructure.Serial.G6TAdapter - G6T TX [COM16] attempt 1: 1F 2F 3F FF 00 03 00 EC
2026-05-04 16:13:30.804 [Information] FCT.G6T.Infrastructure.Serial.DetectorAdapter - Detector connected on COM11 @ 9600
2026-05-04 16:13:33.851 [Information] FCT.G6T.Infrastructure.Serial.G6TAdapter - G6T connected on COM16 @ 9600
2026-05-04 16:13:33.861 [Information] FCT.G6T.Infrastructure.Serial.G6TAdapter - G6T TX (no-ack) [COM16]: 1F 2F 3F FF 00 01 00 EE
2026-05-04 16:13:33.864 [Information] FCT.G6T.Infrastructure.Serial.G6TAdapter - G6T TX (no-ack) [COM16]: 1F 2F 3F FF 00 03 00 EC
2026-05-04 16:13:37.301 [Information] FCT.G6T.Application.Services.TestOrchestrator - Send PowerOn command to G6T.
2026-05-04 16:13:37.303 [Information] FCT.G6T.Infrastructure.Serial.G6TAdapter - G6T TX [COM16] attempt 1: 1F 2F 3F FF 00 01 01 EF
2026-05-04 16:13:37.377 [Information] FCT.G6T.Application.Services.SmokeDeviceTestService - [PORT][COM16] IsOpen=True
[TX][COM16] 1F 2F 3F FF 00 01 01 EF
[RX][COM16] 1F 2F 3F FF 01 01 06 E9
[ACK][PASS] Cấp nguồn - Command=PowerControl, Status=Success
2026-05-04 16:13:42.636 [Information] FCT.G6T.Application.Services.TestOrchestrator - Send PowerOff command to G6T.
2026-05-04 16:13:42.637 [Information] FCT.G6T.Infrastructure.Serial.G6TAdapter - G6T TX [COM16] attempt 1: 1F 2F 3F FF 00 01 00 EE
2026-05-04 16:13:42.699 [Information] FCT.G6T.Application.Services.SmokeDeviceTestService - [PORT][COM16] IsOpen=True
[TX][COM16] 1F 2F 3F FF 00 01 00 EE
[RX][COM16] 1F 2F 3F FF 01 01 06 E9
[ACK][PASS] Reset PowerOff - Command=PowerControl, Status=Success
2026-05-04 16:13:42.701 [Information] FCT.G6T.Infrastructure.Serial.G6TAdapter - G6T TX [COM16] attempt 1: 1F 2F 3F FF 00 03 00 EC
2026-05-04 16:15:11.570 [Information] FCT.G6T.Infrastructure.Serial.G6TAdapter - G6T connected on COM16 @ 9600
2026-05-04 16:15:11.585 [Information] FCT.G6T.Infrastructure.Serial.G6TAdapter - G6T TX (no-ack) [COM16]: 1F 2F 3F FF 00 01 00 EE
2026-05-04 16:15:11.591 [Information] FCT.G6T.Infrastructure.Serial.G6TAdapter - G6T TX (no-ack) [COM16]: 1F 2F 3F FF 00 03 00 EC
2026-05-04 16:15:12.725 [Information] FCT.G6T.Infrastructure.Serial.DetectorAdapter - Detector connected on COM11 @ 9600
2026-05-04 16:15:14.543 [Information] FCT.G6T.Application.Services.TestOrchestrator - Send PowerOn command to G6T.
2026-05-04 16:15:14.544 [Information] FCT.G6T.Infrastructure.Serial.G6TAdapter - G6T TX [COM16] attempt 1: 1F 2F 3F FF 00 01 01 EF
2026-05-04 16:15:14.553 [Information] FCT.G6T.Application.Services.SmokeDeviceTestService - [PORT][COM16] IsOpen=True
[TX][COM16] 1F 2F 3F FF 00 01 01 EF
[RX][COM16] 1F 2F 3F FF 01 01 06 E9
[ACK][PASS] Cấp nguồn - Command=PowerControl, Status=Success
2026-05-04 16:15:19.814 [Information] FCT.G6T.Infrastructure.Serial.G6TAdapter - G6T TX (no-ack) [COM16]: 1F 2F 3F FF 00 01 00 EE
2026-05-04 16:15:19.815 [Information] FCT.G6T.Infrastructure.Serial.G6TAdapter - G6T TX (no-ack) [COM16]: 1F 2F 3F FF 00 03 00 EC
2026-05-04 16:15:24.164 [Information] FCT.G6T.Application.Services.TestOrchestrator - Send PowerOn command to G6T.
2026-05-04 16:15:24.165 [Information] FCT.G6T.Infrastructure.Serial.G6TAdapter - G6T TX [COM16] attempt 1: 1F 2F 3F FF 00 01 01 EF
2026-05-04 16:15:24.168 [Information] FCT.G6T.Application.Services.SmokeDeviceTestService - [PORT][COM16] IsOpen=True
[TX][COM16] 1F 2F 3F FF 00 01 01 EF
[RX][COM16] 1F 2F 3F FF 01 01 06 E9
[ACK][PASS] Cấp nguồn - Command=PowerControl, Status=Success
2026-05-04 16:15:24.204 [Information] FCT.G6T.Application.Services.SmokeDeviceTestService - LED ROI Detect: phát hiện đủ màu đỏ và xanh.
2026-05-04 16:15:24.209 [Information] FCT.G6T.Infrastructure.Serial.G6TAdapter - G6T TX [COM16] attempt 1: 1F 2F 3F FF 00 02 00 ED
2026-05-04 16:15:24.211 [Warning] FCT.G6T.Infrastructure.Serial.G6TAdapter - ACK command mismatch — expected TestButton, got PowerControl | [PORT][COM16] IsOpen=True | [TX][COM16] 1F 2F 3F FF 00 02 00 ED | [RX][COM16] 1F 2F 3F FF 01 01 06 E9
2026-05-04 16:19:25.431 [Information] FCT.G6T.Infrastructure.Serial.G6TAdapter - G6T connected on COM16 @ 9600
2026-05-04 16:19:25.449 [Information] FCT.G6T.Infrastructure.Serial.G6TAdapter - G6T TX (no-ack) [COM16]: 1F 2F 3F FF 00 01 00 EE
2026-05-04 16:19:25.454 [Information] FCT.G6T.Infrastructure.Serial.G6TAdapter - G6T TX (no-ack) [COM16]: 1F 2F 3F FF 00 03 00 EC
2026-05-04 16:19:26.390 [Information] FCT.G6T.Infrastructure.Serial.DetectorAdapter - Detector connected on COM11 @ 9600
2026-05-04 16:19:29.398 [Information] FCT.G6T.Application.Services.TestOrchestrator - Send PowerOn command to G6T.
2026-05-04 16:19:29.400 [Information] FCT.G6T.Infrastructure.Serial.G6TAdapter - G6T TX [COM16] attempt 1: 1F 2F 3F FF 00 01 01 EF
2026-05-04 16:19:29.411 [Information] FCT.G6T.Application.Services.SmokeDeviceTestService - [PORT][COM16] IsOpen=True
[TX][COM16] 1F 2F 3F FF 00 01 01 EF
[RX][COM16] 1F 2F 3F FF 01 01 06 E9
[ACK][PASS] Cấp nguồn - Command=PowerControl, Status=Success
2026-05-04 16:19:34.698 [Information] FCT.G6T.Infrastructure.Serial.G6TAdapter - G6T TX (no-ack) [COM16]: 1F 2F 3F FF 00 01 00 EE
2026-05-04 16:19:34.700 [Information] FCT.G6T.Infrastructure.Serial.G6TAdapter - G6T TX (no-ack) [COM16]: 1F 2F 3F FF 00 03 00 EC
2026-05-04 16:19:37.454 [Information] FCT.G6T.Application.Services.TestOrchestrator - Send PowerOn command to G6T.
2026-05-04 16:19:37.454 [Information] FCT.G6T.Infrastructure.Serial.G6TAdapter - G6T TX [COM16] attempt 1: 1F 2F 3F FF 00 01 01 EF
2026-05-04 16:19:37.455 [Information] FCT.G6T.Application.Services.SmokeDeviceTestService - [PORT][COM16] IsOpen=True
[TX][COM16] 1F 2F 3F FF 00 01 01 EF
[RX][COM16] 1F 2F 3F FF 01 01 06 E9
[ACK][PASS] Cấp nguồn - Command=PowerControl, Status=Success
2026-05-04 16:19:37.493 [Information] FCT.G6T.Application.Services.SmokeDeviceTestService - LED ROI Detect: phát hiện đủ màu đỏ và xanh.
2026-05-04 16:19:37.495 [Information] FCT.G6T.Infrastructure.Serial.G6TAdapter - G6T TX [COM16] attempt 1: 1F 2F 3F FF 00 02 00 ED
2026-05-04 16:19:37.497 [Warning] FCT.G6T.Infrastructure.Serial.G6TAdapter - ACK command mismatch — expected TestButton, got PowerControl | [PORT][COM16] IsOpen=True | [TX][COM16] 1F 2F 3F FF 00 02 00 ED | [RX][COM16] 1F 2F 3F FF 01 01 06 E9
2026-05-04 16:19:40.572 [Information] FCT.G6T.Infrastructure.Serial.G6TAdapter - G6T TX [COM16] attempt 2: 1F 2F 3F FF 00 02 00 ED
2026-05-04 16:19:43.675 [Warning] FCT.G6T.Application.Services.SmokeDeviceTestService - [ACK][FAIL] Button Test - Đọc dữ liệu từ cổng COM16 timeout.
2026-05-04 16:19:43.831 [Information] FCT.G6T.Infrastructure.Serial.G6TAdapter - G6T TX [COM16] attempt 1: 1F 2F 3F FF 00 02 00 ED
2026-05-04 16:19:44.822 [Information] FCT.G6T.Application.Services.SmokeDeviceTestService - [PORT][COM16] IsOpen=True
[TX][COM16] 1F 2F 3F FF 00 02 00 ED
[RX][COM16] 1F 2F 3F FF 01 02 06 EA
[ACK][PASS] Button Test - Command=TestButton, Status=Success
2026-05-04 16:19:44.826 [Information] FCT.G6T.Infrastructure.Serial.G6TAdapter - G6T TX [COM16] attempt 1: 1F 2F 3F FF 00 08 05 01 E3
2026-05-04 16:19:44.900 [Information] FCT.G6T.Application.Services.SmokeDeviceTestService - [PORT][COM16] IsOpen=True
[TX][COM16] 1F 2F 3F FF 00 08 05 01 E3
[RX][COM16] 1F 2F 3F FF 01 08 06 E0
[ACK][PASS] UART On - Command=RelayOutput, Status=Success
2026-05-04 16:19:44.901 [Information] FCT.G6T.Infrastructure.Serial.G6TAdapter - G6T TX [COM16] attempt 1: 1F 2F 3F FF 00 03 01 ED
2026-05-04 16:19:44.978 [Warning] FCT.G6T.Infrastructure.Serial.G6TAdapter - ACK command mismatch — expected SetCalibPin, got TestButton | [PORT][COM16] IsOpen=True | [TX][COM16] 1F 2F 3F FF 00 03 01 ED | [RX][COM16] 1F 2F 3F FF 01 02 06 EA
2026-05-04 16:19:48.032 [Warning] FCT.G6T.Application.Services.SmokeDeviceTestService - [ACK][FAIL] Calib Set ON - timeout
2026-05-04 16:19:54.483 [Information] FCT.G6T.Infrastructure.Serial.G6TAdapter - G6T TX (no-ack) [COM16]: 1F 2F 3F FF 00 01 00 EE
2026-05-04 16:19:54.484 [Information] FCT.G6T.Infrastructure.Serial.G6TAdapter - G6T TX (no-ack) [COM16]: 1F 2F 3F FF 00 03 00 EC
2026-05-04 16:26:46.659 [Information] FCT.G6T.Infrastructure.Serial.DetectorAdapter - Detector connected on COM11 @ 9600
2026-05-04 16:28:03.080 [Information] FCT.G6T.Infrastructure.Serial.DetectorAdapter - Detector connected on COM11 @ 9600
